ARM GAS  C:\Users\32306\AppData\Local\Temp\cckjI0mm.s 			page 1


   1              		.cpu cortex-m4
   2              		.eabi_attribute 27, 1
   3              		.eabi_attribute 28, 1
   4              		.eabi_attribute 20, 1
   5              		.eabi_attribute 21, 1
   6              		.eabi_attribute 23, 3
   7              		.eabi_attribute 24, 1
   8              		.eabi_attribute 25, 1
   9              		.eabi_attribute 26, 1
  10              		.eabi_attribute 30, 1
  11              		.eabi_attribute 34, 1
  12              		.eabi_attribute 18, 4
  13              		.file	"gpio.c"
  14              		.text
  15              	.Ltext0:
  16              		.cfi_sections	.debug_frame
  17              		.section	.text.MX_GPIO_Init,"ax",%progbits
  18              		.align	1
  19              		.global	MX_GPIO_Init
  20              		.arch armv7e-m
  21              		.syntax unified
  22              		.thumb
  23              		.thumb_func
  24              		.fpu fpv4-sp-d16
  26              	MX_GPIO_Init:
  27              	.LFB130:
  28              		.file 1 "Core/Src/gpio.c"
   1:Core/Src/gpio.c **** /* USER CODE BEGIN Header */
   2:Core/Src/gpio.c **** /**
   3:Core/Src/gpio.c ****   ******************************************************************************
   4:Core/Src/gpio.c ****   * @file    gpio.c
   5:Core/Src/gpio.c ****   * @brief   This file provides code for the configuration
   6:Core/Src/gpio.c ****   *          of all used GPIO pins.
   7:Core/Src/gpio.c ****   ******************************************************************************
   8:Core/Src/gpio.c ****   * @attention
   9:Core/Src/gpio.c ****   *
  10:Core/Src/gpio.c ****   * Copyright (c) 2024 STMicroelectronics.
  11:Core/Src/gpio.c ****   * All rights reserved.
  12:Core/Src/gpio.c ****   *
  13:Core/Src/gpio.c ****   * This software is licensed under terms that can be found in the LICENSE file
  14:Core/Src/gpio.c ****   * in the root directory of this software component.
  15:Core/Src/gpio.c ****   * If no LICENSE file comes with this software, it is provided AS-IS.
  16:Core/Src/gpio.c ****   *
  17:Core/Src/gpio.c ****   ******************************************************************************
  18:Core/Src/gpio.c ****   */
  19:Core/Src/gpio.c **** /* USER CODE END Header */
  20:Core/Src/gpio.c **** 
  21:Core/Src/gpio.c **** /* Includes ------------------------------------------------------------------*/
  22:Core/Src/gpio.c **** #include "gpio.h"
  23:Core/Src/gpio.c **** 
  24:Core/Src/gpio.c **** /* USER CODE BEGIN 0 */
  25:Core/Src/gpio.c **** 
  26:Core/Src/gpio.c **** /* USER CODE END 0 */
  27:Core/Src/gpio.c **** 
  28:Core/Src/gpio.c **** /*----------------------------------------------------------------------------*/
  29:Core/Src/gpio.c **** /* Configure GPIO                                                             */
  30:Core/Src/gpio.c **** /*----------------------------------------------------------------------------*/
ARM GAS  C:\Users\32306\AppData\Local\Temp\cckjI0mm.s 			page 2


  31:Core/Src/gpio.c **** /* USER CODE BEGIN 1 */
  32:Core/Src/gpio.c **** 
  33:Core/Src/gpio.c **** /* USER CODE END 1 */
  34:Core/Src/gpio.c **** 
  35:Core/Src/gpio.c **** /** Configure pins as
  36:Core/Src/gpio.c ****         * Analog
  37:Core/Src/gpio.c ****         * Input
  38:Core/Src/gpio.c ****         * Output
  39:Core/Src/gpio.c ****         * EVENT_OUT
  40:Core/Src/gpio.c ****         * EXTI
  41:Core/Src/gpio.c **** */
  42:Core/Src/gpio.c **** void MX_GPIO_Init(void)
  43:Core/Src/gpio.c **** {
  29              		.loc 1 43 1 view -0
  30              		.cfi_startproc
  31              		@ args = 0, pretend = 0, frame = 32
  32              		@ frame_needed = 0, uses_anonymous_args = 0
  33 0000 F0B5     		push	{r4, r5, r6, r7, lr}
  34              	.LCFI0:
  35              		.cfi_def_cfa_offset 20
  36              		.cfi_offset 4, -20
  37              		.cfi_offset 5, -16
  38              		.cfi_offset 6, -12
  39              		.cfi_offset 7, -8
  40              		.cfi_offset 14, -4
  41 0002 89B0     		sub	sp, sp, #36
  42              	.LCFI1:
  43              		.cfi_def_cfa_offset 56
  44:Core/Src/gpio.c **** 
  45:Core/Src/gpio.c ****   GPIO_InitTypeDef GPIO_InitStruct = {0};
  44              		.loc 1 45 3 view .LVU1
  45              		.loc 1 45 20 is_stmt 0 view .LVU2
  46 0004 0024     		movs	r4, #0
  47 0006 0394     		str	r4, [sp, #12]
  48 0008 0494     		str	r4, [sp, #16]
  49 000a 0594     		str	r4, [sp, #20]
  50 000c 0694     		str	r4, [sp, #24]
  51 000e 0794     		str	r4, [sp, #28]
  46:Core/Src/gpio.c **** 
  47:Core/Src/gpio.c ****   /* GPIO Ports Clock Enable */
  48:Core/Src/gpio.c ****   __HAL_RCC_GPIOC_CLK_ENABLE();
  52              		.loc 1 48 3 is_stmt 1 view .LVU3
  53              	.LBB2:
  54              		.loc 1 48 3 view .LVU4
  55 0010 0194     		str	r4, [sp, #4]
  56              		.loc 1 48 3 view .LVU5
  57 0012 1C4B     		ldr	r3, .L3
  58 0014 1A6B     		ldr	r2, [r3, #48]
  59 0016 42F00402 		orr	r2, r2, #4
  60 001a 1A63     		str	r2, [r3, #48]
  61              		.loc 1 48 3 view .LVU6
  62 001c 1A6B     		ldr	r2, [r3, #48]
  63 001e 02F00402 		and	r2, r2, #4
  64 0022 0192     		str	r2, [sp, #4]
  65              		.loc 1 48 3 view .LVU7
  66 0024 019A     		ldr	r2, [sp, #4]
  67              	.LBE2:
ARM GAS  C:\Users\32306\AppData\Local\Temp\cckjI0mm.s 			page 3


  68              		.loc 1 48 3 view .LVU8
  49:Core/Src/gpio.c ****   __HAL_RCC_GPIOA_CLK_ENABLE();
  69              		.loc 1 49 3 view .LVU9
  70              	.LBB3:
  71              		.loc 1 49 3 view .LVU10
  72 0026 0294     		str	r4, [sp, #8]
  73              		.loc 1 49 3 view .LVU11
  74 0028 1A6B     		ldr	r2, [r3, #48]
  75 002a 42F00102 		orr	r2, r2, #1
  76 002e 1A63     		str	r2, [r3, #48]
  77              		.loc 1 49 3 view .LVU12
  78 0030 1B6B     		ldr	r3, [r3, #48]
  79 0032 03F00103 		and	r3, r3, #1
  80 0036 0293     		str	r3, [sp, #8]
  81              		.loc 1 49 3 view .LVU13
  82 0038 029B     		ldr	r3, [sp, #8]
  83              	.LBE3:
  84              		.loc 1 49 3 view .LVU14
  50:Core/Src/gpio.c **** 
  51:Core/Src/gpio.c ****   /*Configure GPIO pin Output Level */
  52:Core/Src/gpio.c ****   HAL_GPIO_WritePin(LED_GPIO_Port, LED_Pin, GPIO_PIN_RESET);
  85              		.loc 1 52 3 view .LVU15
  86 003a 134F     		ldr	r7, .L3+4
  87 003c 2246     		mov	r2, r4
  88 003e 4FF40051 		mov	r1, #8192
  89 0042 3846     		mov	r0, r7
  90 0044 FFF7FEFF 		bl	HAL_GPIO_WritePin
  91              	.LVL0:
  53:Core/Src/gpio.c **** 
  54:Core/Src/gpio.c ****   /*Configure GPIO pin Output Level */
  55:Core/Src/gpio.c ****   HAL_GPIO_WritePin(GPIOA, AIN2_Pin|AIN1_Pin|STBY_Pin|BIN1_Pin
  92              		.loc 1 55 3 view .LVU16
  93 0048 104D     		ldr	r5, .L3+8
  94 004a 2246     		mov	r2, r4
  95 004c F821     		movs	r1, #248
  96 004e 2846     		mov	r0, r5
  97 0050 FFF7FEFF 		bl	HAL_GPIO_WritePin
  98              	.LVL1:
  56:Core/Src/gpio.c ****                           |BIN2_Pin, GPIO_PIN_RESET);
  57:Core/Src/gpio.c **** 
  58:Core/Src/gpio.c ****   /*Configure GPIO pin : PtPin */
  59:Core/Src/gpio.c ****   GPIO_InitStruct.Pin = LED_Pin;
  99              		.loc 1 59 3 view .LVU17
 100              		.loc 1 59 23 is_stmt 0 view .LVU18
 101 0054 4FF40053 		mov	r3, #8192
 102 0058 0393     		str	r3, [sp, #12]
  60:Core/Src/gpio.c ****   GPIO_InitStruct.Mode = GPIO_MODE_OUTPUT_PP;
 103              		.loc 1 60 3 is_stmt 1 view .LVU19
 104              		.loc 1 60 24 is_stmt 0 view .LVU20
 105 005a 0126     		movs	r6, #1
 106 005c 0496     		str	r6, [sp, #16]
  61:Core/Src/gpio.c ****   GPIO_InitStruct.Pull = GPIO_NOPULL;
 107              		.loc 1 61 3 is_stmt 1 view .LVU21
 108              		.loc 1 61 24 is_stmt 0 view .LVU22
 109 005e 0594     		str	r4, [sp, #20]
  62:Core/Src/gpio.c ****   GPIO_InitStruct.Speed = GPIO_SPEED_FREQ_LOW;
 110              		.loc 1 62 3 is_stmt 1 view .LVU23
ARM GAS  C:\Users\32306\AppData\Local\Temp\cckjI0mm.s 			page 4


 111              		.loc 1 62 25 is_stmt 0 view .LVU24
 112 0060 0694     		str	r4, [sp, #24]
  63:Core/Src/gpio.c ****   HAL_GPIO_Init(LED_GPIO_Port, &GPIO_InitStruct);
 113              		.loc 1 63 3 is_stmt 1 view .LVU25
 114 0062 03A9     		add	r1, sp, #12
 115 0064 3846     		mov	r0, r7
 116 0066 FFF7FEFF 		bl	HAL_GPIO_Init
 117              	.LVL2:
  64:Core/Src/gpio.c **** 
  65:Core/Src/gpio.c ****   /*Configure GPIO pins : PAPin PAPin PAPin PAPin
  66:Core/Src/gpio.c ****                            PAPin */
  67:Core/Src/gpio.c ****   GPIO_InitStruct.Pin = AIN2_Pin|AIN1_Pin|STBY_Pin|BIN1_Pin
 118              		.loc 1 67 3 view .LVU26
 119              		.loc 1 67 23 is_stmt 0 view .LVU27
 120 006a F823     		movs	r3, #248
 121 006c 0393     		str	r3, [sp, #12]
  68:Core/Src/gpio.c ****                           |BIN2_Pin;
  69:Core/Src/gpio.c ****   GPIO_InitStruct.Mode = GPIO_MODE_OUTPUT_PP;
 122              		.loc 1 69 3 is_stmt 1 view .LVU28
 123              		.loc 1 69 24 is_stmt 0 view .LVU29
 124 006e 0496     		str	r6, [sp, #16]
  70:Core/Src/gpio.c ****   GPIO_InitStruct.Pull = GPIO_PULLDOWN;
 125              		.loc 1 70 3 is_stmt 1 view .LVU30
 126              		.loc 1 70 24 is_stmt 0 view .LVU31
 127 0070 0223     		movs	r3, #2
 128 0072 0593     		str	r3, [sp, #20]
  71:Core/Src/gpio.c ****   GPIO_InitStruct.Speed = GPIO_SPEED_FREQ_LOW;
 129              		.loc 1 71 3 is_stmt 1 view .LVU32
 130              		.loc 1 71 25 is_stmt 0 view .LVU33
 131 0074 0694     		str	r4, [sp, #24]
  72:Core/Src/gpio.c ****   HAL_GPIO_Init(GPIOA, &GPIO_InitStruct);
 132              		.loc 1 72 3 is_stmt 1 view .LVU34
 133 0076 03A9     		add	r1, sp, #12
 134 0078 2846     		mov	r0, r5
 135 007a FFF7FEFF 		bl	HAL_GPIO_Init
 136              	.LVL3:
  73:Core/Src/gpio.c **** 
  74:Core/Src/gpio.c **** }
 137              		.loc 1 74 1 is_stmt 0 view .LVU35
 138 007e 09B0     		add	sp, sp, #36
 139              	.LCFI2:
 140              		.cfi_def_cfa_offset 20
 141              		@ sp needed
 142 0080 F0BD     		pop	{r4, r5, r6, r7, pc}
 143              	.L4:
 144 0082 00BF     		.align	2
 145              	.L3:
 146 0084 00380240 		.word	1073887232
 147 0088 00080240 		.word	1073874944
 148 008c 00000240 		.word	1073872896
 149              		.cfi_endproc
 150              	.LFE130:
 152              		.text
 153              	.Letext0:
 154              		.file 2 "e:\\vs code\\9 2019-q4-major\\arm-none-eabi\\include\\machine\\_default_types.h"
 155              		.file 3 "e:\\vs code\\9 2019-q4-major\\arm-none-eabi\\include\\sys\\_stdint.h"
 156              		.file 4 "Drivers/CMSIS/Include/core_cm4.h"
ARM GAS  C:\Users\32306\AppData\Local\Temp\cckjI0mm.s 			page 5


 157              		.file 5 "Drivers/CMSIS/Device/ST/STM32F4xx/Include/system_stm32f4xx.h"
 158              		.file 6 "Drivers/CMSIS/Device/ST/STM32F4xx/Include/stm32f411xe.h"
 159              		.file 7 "Drivers/STM32F4xx_HAL_Driver/Inc/stm32f4xx_hal_gpio.h"
 160              		.file 8 "Drivers/STM32F4xx_HAL_Driver/Inc/stm32f4xx_hal.h"
ARM GAS  C:\Users\32306\AppData\Local\Temp\cckjI0mm.s 			page 6


DEFINED SYMBOLS
                            *ABS*:00000000 gpio.c
C:\Users\32306\AppData\Local\Temp\cckjI0mm.s:18     .text.MX_GPIO_Init:00000000 $t
C:\Users\32306\AppData\Local\Temp\cckjI0mm.s:26     .text.MX_GPIO_Init:00000000 MX_GPIO_Init
C:\Users\32306\AppData\Local\Temp\cckjI0mm.s:146    .text.MX_GPIO_Init:00000084 $d

UNDEFINED SYMBOLS
HAL_GPIO_WritePin
HAL_GPIO_Init
