ARM GAS  C:\Users\32306\AppData\Local\Temp\ccu23i1i.s 			page 1


   1              		.cpu cortex-m4
   2              		.eabi_attribute 27, 1
   3              		.eabi_attribute 28, 1
   4              		.eabi_attribute 20, 1
   5              		.eabi_attribute 21, 1
   6              		.eabi_attribute 23, 3
   7              		.eabi_attribute 24, 1
   8              		.eabi_attribute 25, 1
   9              		.eabi_attribute 26, 1
  10              		.eabi_attribute 30, 1
  11              		.eabi_attribute 34, 1
  12              		.eabi_attribute 18, 4
  13              		.file	"main.c"
  14              		.text
  15              	.Ltext0:
  16              		.cfi_sections	.debug_frame
  17              		.section	.text.LED,"ax",%progbits
  18              		.align	1
  19              		.global	LED
  20              		.arch armv7e-m
  21              		.syntax unified
  22              		.thumb
  23              		.thumb_func
  24              		.fpu fpv4-sp-d16
  26              	LED:
  27              	.LFB130:
  28              		.file 1 "Core/Src/main.c"
   1:Core/Src/main.c **** /* USER CODE BEGIN Header */
   2:Core/Src/main.c **** /**
   3:Core/Src/main.c ****  ******************************************************************************
   4:Core/Src/main.c ****  * @file           : main.c
   5:Core/Src/main.c ****  * @brief          : Main program body
   6:Core/Src/main.c ****  ******************************************************************************
   7:Core/Src/main.c ****  * @attention
   8:Core/Src/main.c ****  *
   9:Core/Src/main.c ****  * Copyright (c) 2024 STMicroelectronics.
  10:Core/Src/main.c ****  * All rights reserved.
  11:Core/Src/main.c ****  *
  12:Core/Src/main.c ****  * This software is licensed under terms that can be found in the LICENSE file
  13:Core/Src/main.c ****  * in the root directory of this software component.
  14:Core/Src/main.c ****  * If no LICENSE file comes with this software, it is provided AS-IS.
  15:Core/Src/main.c ****  *
  16:Core/Src/main.c ****  ******************************************************************************
  17:Core/Src/main.c ****  */
  18:Core/Src/main.c **** /* USER CODE END Header */
  19:Core/Src/main.c **** /* Includes ------------------------------------------------------------------*/
  20:Core/Src/main.c **** #include "main.h"
  21:Core/Src/main.c **** #include "tim.h"
  22:Core/Src/main.c **** #include "usart.h"
  23:Core/Src/main.c **** #include "gpio.h"
  24:Core/Src/main.c **** 
  25:Core/Src/main.c **** /* Private includes ----------------------------------------------------------*/
  26:Core/Src/main.c **** /* USER CODE BEGIN Includes */
  27:Core/Src/main.c **** 
  28:Core/Src/main.c **** /* USER CODE END Includes */
  29:Core/Src/main.c **** 
  30:Core/Src/main.c **** /* Private typedef -----------------------------------------------------------*/
ARM GAS  C:\Users\32306\AppData\Local\Temp\ccu23i1i.s 			page 2


  31:Core/Src/main.c **** /* USER CODE BEGIN PTD */
  32:Core/Src/main.c **** 
  33:Core/Src/main.c **** /* USER CODE END PTD */
  34:Core/Src/main.c **** 
  35:Core/Src/main.c **** /* Private define ------------------------------------------------------------*/
  36:Core/Src/main.c **** /* USER CODE BEGIN PD */
  37:Core/Src/main.c **** 
  38:Core/Src/main.c **** /* USER CODE END PD */
  39:Core/Src/main.c **** 
  40:Core/Src/main.c **** /* Private macro -------------------------------------------------------------*/
  41:Core/Src/main.c **** /* USER CODE BEGIN PM */
  42:Core/Src/main.c **** 
  43:Core/Src/main.c **** /* USER CODE END PM */
  44:Core/Src/main.c **** 
  45:Core/Src/main.c **** /* Private variables ---------------------------------------------------------*/
  46:Core/Src/main.c **** 
  47:Core/Src/main.c **** /* USER CODE BEGIN PV */
  48:Core/Src/main.c **** 
  49:Core/Src/main.c **** /* USER CODE END PV */
  50:Core/Src/main.c **** 
  51:Core/Src/main.c **** /* Private function prototypes -----------------------------------------------*/
  52:Core/Src/main.c **** void SystemClock_Config(void);
  53:Core/Src/main.c **** /* USER CODE BEGIN PFP */
  54:Core/Src/main.c **** 
  55:Core/Src/main.c **** /* USER CODE END PFP */
  56:Core/Src/main.c **** 
  57:Core/Src/main.c **** /* Private user code ---------------------------------------------------------*/
  58:Core/Src/main.c **** /* USER CODE BEGIN 0 */
  59:Core/Src/main.c **** void LED()
  60:Core/Src/main.c **** {
  29              		.loc 1 60 1 view -0
  30              		.cfi_startproc
  31              		@ args = 0, pretend = 0, frame = 0
  32              		@ frame_needed = 0, uses_anonymous_args = 0
  33 0000 08B5     		push	{r3, lr}
  34              	.LCFI0:
  35              		.cfi_def_cfa_offset 8
  36              		.cfi_offset 3, -8
  37              		.cfi_offset 14, -4
  61:Core/Src/main.c ****   HAL_GPIO_WritePin(LED_GPIO_Port, LED_Pin, LED_ON);
  38              		.loc 1 61 3 view .LVU1
  39 0002 0022     		movs	r2, #0
  40 0004 4FF40051 		mov	r1, #8192
  41 0008 0148     		ldr	r0, .L3
  42 000a FFF7FEFF 		bl	HAL_GPIO_WritePin
  43              	.LVL0:
  62:Core/Src/main.c **** }
  44              		.loc 1 62 1 is_stmt 0 view .LVU2
  45 000e 08BD     		pop	{r3, pc}
  46              	.L4:
  47              		.align	2
  48              	.L3:
  49 0010 00080240 		.word	1073874944
  50              		.cfi_endproc
  51              	.LFE130:
  53              		.section	.text.Error_Handler,"ax",%progbits
  54              		.align	1
ARM GAS  C:\Users\32306\AppData\Local\Temp\ccu23i1i.s 			page 3


  55              		.global	Error_Handler
  56              		.syntax unified
  57              		.thumb
  58              		.thumb_func
  59              		.fpu fpv4-sp-d16
  61              	Error_Handler:
  62              	.LFB133:
  63:Core/Src/main.c **** /* USER CODE END 0 */
  64:Core/Src/main.c **** 
  65:Core/Src/main.c **** /**
  66:Core/Src/main.c ****   * @brief  The application entry point.
  67:Core/Src/main.c ****   * @retval int
  68:Core/Src/main.c ****   */
  69:Core/Src/main.c **** int main(void)
  70:Core/Src/main.c **** {
  71:Core/Src/main.c ****   /* USER CODE BEGIN 1 */
  72:Core/Src/main.c ****   
  73:Core/Src/main.c ****   /* USER CODE END 1 */
  74:Core/Src/main.c **** 
  75:Core/Src/main.c ****   /* MCU Configuration--------------------------------------------------------*/
  76:Core/Src/main.c **** 
  77:Core/Src/main.c ****   /* Reset of all peripherals, Initializes the Flash interface and the Systick. */
  78:Core/Src/main.c ****   HAL_Init();
  79:Core/Src/main.c **** 
  80:Core/Src/main.c ****   /* USER CODE BEGIN Init */
  81:Core/Src/main.c **** 
  82:Core/Src/main.c ****   /* USER CODE END Init */
  83:Core/Src/main.c **** 
  84:Core/Src/main.c ****   /* Configure the system clock */
  85:Core/Src/main.c ****   SystemClock_Config();
  86:Core/Src/main.c **** 
  87:Core/Src/main.c ****   /* USER CODE BEGIN SysInit */
  88:Core/Src/main.c **** 
  89:Core/Src/main.c ****   /* USER CODE END SysInit */
  90:Core/Src/main.c **** 
  91:Core/Src/main.c ****   /* Initialize all configured peripherals */
  92:Core/Src/main.c ****   MX_GPIO_Init();
  93:Core/Src/main.c ****   MX_TIM2_Init();
  94:Core/Src/main.c ****   MX_USART1_UART_Init();
  95:Core/Src/main.c ****   /* USER CODE BEGIN 2 */
  96:Core/Src/main.c ****   LED();
  97:Core/Src/main.c ****   /* USER CODE END 2 */
  98:Core/Src/main.c **** 
  99:Core/Src/main.c ****   /* Infinite loop */
 100:Core/Src/main.c ****   /* USER CODE BEGIN WHILE */
 101:Core/Src/main.c ****   while (1)
 102:Core/Src/main.c ****   {
 103:Core/Src/main.c ****     /* USER CODE END WHILE */
 104:Core/Src/main.c **** 
 105:Core/Src/main.c ****     /* USER CODE BEGIN 3 */
 106:Core/Src/main.c ****   }
 107:Core/Src/main.c ****   /* USER CODE END 3 */
 108:Core/Src/main.c **** }
 109:Core/Src/main.c **** 
 110:Core/Src/main.c **** /**
 111:Core/Src/main.c ****   * @brief System Clock Configuration
 112:Core/Src/main.c ****   * @retval None
ARM GAS  C:\Users\32306\AppData\Local\Temp\ccu23i1i.s 			page 4


 113:Core/Src/main.c ****   */
 114:Core/Src/main.c **** void SystemClock_Config(void)
 115:Core/Src/main.c **** {
 116:Core/Src/main.c ****   RCC_OscInitTypeDef RCC_OscInitStruct = {0};
 117:Core/Src/main.c ****   RCC_ClkInitTypeDef RCC_ClkInitStruct = {0};
 118:Core/Src/main.c **** 
 119:Core/Src/main.c ****   /** Configure the main internal regulator output voltage
 120:Core/Src/main.c ****   */
 121:Core/Src/main.c ****   __HAL_RCC_PWR_CLK_ENABLE();
 122:Core/Src/main.c ****   __HAL_PWR_VOLTAGESCALING_CONFIG(PWR_REGULATOR_VOLTAGE_SCALE1);
 123:Core/Src/main.c **** 
 124:Core/Src/main.c ****   /** Initializes the RCC Oscillators according to the specified parameters
 125:Core/Src/main.c ****   * in the RCC_OscInitTypeDef structure.
 126:Core/Src/main.c ****   */
 127:Core/Src/main.c ****   RCC_OscInitStruct.OscillatorType = RCC_OSCILLATORTYPE_HSI;
 128:Core/Src/main.c ****   RCC_OscInitStruct.HSIState = RCC_HSI_ON;
 129:Core/Src/main.c ****   RCC_OscInitStruct.HSICalibrationValue = RCC_HSICALIBRATION_DEFAULT;
 130:Core/Src/main.c ****   RCC_OscInitStruct.PLL.PLLState = RCC_PLL_ON;
 131:Core/Src/main.c ****   RCC_OscInitStruct.PLL.PLLSource = RCC_PLLSOURCE_HSI;
 132:Core/Src/main.c ****   RCC_OscInitStruct.PLL.PLLM = 8;
 133:Core/Src/main.c ****   RCC_OscInitStruct.PLL.PLLN = 72;
 134:Core/Src/main.c ****   RCC_OscInitStruct.PLL.PLLP = RCC_PLLP_DIV2;
 135:Core/Src/main.c ****   RCC_OscInitStruct.PLL.PLLQ = 4;
 136:Core/Src/main.c ****   if (HAL_RCC_OscConfig(&RCC_OscInitStruct) != HAL_OK)
 137:Core/Src/main.c ****   {
 138:Core/Src/main.c ****     Error_Handler();
 139:Core/Src/main.c ****   }
 140:Core/Src/main.c **** 
 141:Core/Src/main.c ****   /** Initializes the CPU, AHB and APB buses clocks
 142:Core/Src/main.c ****   */
 143:Core/Src/main.c ****   RCC_ClkInitStruct.ClockType = RCC_CLOCKTYPE_HCLK|RCC_CLOCKTYPE_SYSCLK
 144:Core/Src/main.c ****                               |RCC_CLOCKTYPE_PCLK1|RCC_CLOCKTYPE_PCLK2;
 145:Core/Src/main.c ****   RCC_ClkInitStruct.SYSCLKSource = RCC_SYSCLKSOURCE_PLLCLK;
 146:Core/Src/main.c ****   RCC_ClkInitStruct.AHBCLKDivider = RCC_SYSCLK_DIV1;
 147:Core/Src/main.c ****   RCC_ClkInitStruct.APB1CLKDivider = RCC_HCLK_DIV2;
 148:Core/Src/main.c ****   RCC_ClkInitStruct.APB2CLKDivider = RCC_HCLK_DIV1;
 149:Core/Src/main.c **** 
 150:Core/Src/main.c ****   if (HAL_RCC_ClockConfig(&RCC_ClkInitStruct, FLASH_LATENCY_2) != HAL_OK)
 151:Core/Src/main.c ****   {
 152:Core/Src/main.c ****     Error_Handler();
 153:Core/Src/main.c ****   }
 154:Core/Src/main.c **** }
 155:Core/Src/main.c **** 
 156:Core/Src/main.c **** /* USER CODE BEGIN 4 */
 157:Core/Src/main.c **** 
 158:Core/Src/main.c **** /* USER CODE END 4 */
 159:Core/Src/main.c **** 
 160:Core/Src/main.c **** /**
 161:Core/Src/main.c ****   * @brief  This function is executed in case of error occurrence.
 162:Core/Src/main.c ****   * @retval None
 163:Core/Src/main.c ****   */
 164:Core/Src/main.c **** void Error_Handler(void)
 165:Core/Src/main.c **** {
  63              		.loc 1 165 1 is_stmt 1 view -0
  64              		.cfi_startproc
  65              		@ Volatile: function does not return.
  66              		@ args = 0, pretend = 0, frame = 0
ARM GAS  C:\Users\32306\AppData\Local\Temp\ccu23i1i.s 			page 5


  67              		@ frame_needed = 0, uses_anonymous_args = 0
  68              		@ link register save eliminated.
 166:Core/Src/main.c ****   /* USER CODE BEGIN Error_Handler_Debug */
 167:Core/Src/main.c ****   /* User can add his own implementation to report the HAL error return state */
 168:Core/Src/main.c ****   __disable_irq();
  69              		.loc 1 168 3 view .LVU4
  70              	.LBB4:
  71              	.LBI4:
  72              		.file 2 "Drivers/CMSIS/Include/cmsis_gcc.h"
   1:Drivers/CMSIS/Include/cmsis_gcc.h **** /**************************************************************************//**
   2:Drivers/CMSIS/Include/cmsis_gcc.h ****  * @file     cmsis_gcc.h
   3:Drivers/CMSIS/Include/cmsis_gcc.h ****  * @brief    CMSIS compiler GCC header file
   4:Drivers/CMSIS/Include/cmsis_gcc.h ****  * @version  V5.0.4
   5:Drivers/CMSIS/Include/cmsis_gcc.h ****  * @date     09. April 2018
   6:Drivers/CMSIS/Include/cmsis_gcc.h ****  ******************************************************************************/
   7:Drivers/CMSIS/Include/cmsis_gcc.h **** /*
   8:Drivers/CMSIS/Include/cmsis_gcc.h ****  * Copyright (c) 2009-2018 Arm Limited. All rights reserved.
   9:Drivers/CMSIS/Include/cmsis_gcc.h ****  *
  10:Drivers/CMSIS/Include/cmsis_gcc.h ****  * SPDX-License-Identifier: Apache-2.0
  11:Drivers/CMSIS/Include/cmsis_gcc.h ****  *
  12:Drivers/CMSIS/Include/cmsis_gcc.h ****  * Licensed under the Apache License, Version 2.0 (the License); you may
  13:Drivers/CMSIS/Include/cmsis_gcc.h ****  * not use this file except in compliance with the License.
  14:Drivers/CMSIS/Include/cmsis_gcc.h ****  * You may obtain a copy of the License at
  15:Drivers/CMSIS/Include/cmsis_gcc.h ****  *
  16:Drivers/CMSIS/Include/cmsis_gcc.h ****  * www.apache.org/licenses/LICENSE-2.0
  17:Drivers/CMSIS/Include/cmsis_gcc.h ****  *
  18:Drivers/CMSIS/Include/cmsis_gcc.h ****  * Unless required by applicable law or agreed to in writing, software
  19:Drivers/CMSIS/Include/cmsis_gcc.h ****  * distributed under the License is distributed on an AS IS BASIS, WITHOUT
  20:Drivers/CMSIS/Include/cmsis_gcc.h ****  * WARRANTIES OR CONDITIONS OF ANY KIND, either express or implied.
  21:Drivers/CMSIS/Include/cmsis_gcc.h ****  * See the License for the specific language governing permissions and
  22:Drivers/CMSIS/Include/cmsis_gcc.h ****  * limitations under the License.
  23:Drivers/CMSIS/Include/cmsis_gcc.h ****  */
  24:Drivers/CMSIS/Include/cmsis_gcc.h **** 
  25:Drivers/CMSIS/Include/cmsis_gcc.h **** #ifndef __CMSIS_GCC_H
  26:Drivers/CMSIS/Include/cmsis_gcc.h **** #define __CMSIS_GCC_H
  27:Drivers/CMSIS/Include/cmsis_gcc.h **** 
  28:Drivers/CMSIS/Include/cmsis_gcc.h **** /* ignore some GCC warnings */
  29:Drivers/CMSIS/Include/cmsis_gcc.h **** #pragma GCC diagnostic push
  30:Drivers/CMSIS/Include/cmsis_gcc.h **** #pragma GCC diagnostic ignored "-Wsign-conversion"
  31:Drivers/CMSIS/Include/cmsis_gcc.h **** #pragma GCC diagnostic ignored "-Wconversion"
  32:Drivers/CMSIS/Include/cmsis_gcc.h **** #pragma GCC diagnostic ignored "-Wunused-parameter"
  33:Drivers/CMSIS/Include/cmsis_gcc.h **** 
  34:Drivers/CMSIS/Include/cmsis_gcc.h **** /* Fallback for __has_builtin */
  35:Drivers/CMSIS/Include/cmsis_gcc.h **** #ifndef __has_builtin
  36:Drivers/CMSIS/Include/cmsis_gcc.h ****   #define __has_builtin(x) (0)
  37:Drivers/CMSIS/Include/cmsis_gcc.h **** #endif
  38:Drivers/CMSIS/Include/cmsis_gcc.h **** 
  39:Drivers/CMSIS/Include/cmsis_gcc.h **** /* CMSIS compiler specific defines */
  40:Drivers/CMSIS/Include/cmsis_gcc.h **** #ifndef   __ASM
  41:Drivers/CMSIS/Include/cmsis_gcc.h ****   #define __ASM                                  __asm
  42:Drivers/CMSIS/Include/cmsis_gcc.h **** #endif
  43:Drivers/CMSIS/Include/cmsis_gcc.h **** #ifndef   __INLINE
  44:Drivers/CMSIS/Include/cmsis_gcc.h ****   #define __INLINE                               inline
  45:Drivers/CMSIS/Include/cmsis_gcc.h **** #endif
  46:Drivers/CMSIS/Include/cmsis_gcc.h **** #ifndef   __STATIC_INLINE
  47:Drivers/CMSIS/Include/cmsis_gcc.h ****   #define __STATIC_INLINE                        static inline
  48:Drivers/CMSIS/Include/cmsis_gcc.h **** #endif
ARM GAS  C:\Users\32306\AppData\Local\Temp\ccu23i1i.s 			page 6


  49:Drivers/CMSIS/Include/cmsis_gcc.h **** #ifndef   __STATIC_FORCEINLINE                 
  50:Drivers/CMSIS/Include/cmsis_gcc.h ****   #define __STATIC_FORCEINLINE                   __attribute__((always_inline)) static inline
  51:Drivers/CMSIS/Include/cmsis_gcc.h **** #endif                                           
  52:Drivers/CMSIS/Include/cmsis_gcc.h **** #ifndef   __NO_RETURN
  53:Drivers/CMSIS/Include/cmsis_gcc.h ****   #define __NO_RETURN                            __attribute__((__noreturn__))
  54:Drivers/CMSIS/Include/cmsis_gcc.h **** #endif
  55:Drivers/CMSIS/Include/cmsis_gcc.h **** #ifndef   __USED
  56:Drivers/CMSIS/Include/cmsis_gcc.h ****   #define __USED                                 __attribute__((used))
  57:Drivers/CMSIS/Include/cmsis_gcc.h **** #endif
  58:Drivers/CMSIS/Include/cmsis_gcc.h **** #ifndef   __WEAK
  59:Drivers/CMSIS/Include/cmsis_gcc.h ****   #define __WEAK                                 __attribute__((weak))
  60:Drivers/CMSIS/Include/cmsis_gcc.h **** #endif
  61:Drivers/CMSIS/Include/cmsis_gcc.h **** #ifndef   __PACKED
  62:Drivers/CMSIS/Include/cmsis_gcc.h ****   #define __PACKED                               __attribute__((packed, aligned(1)))
  63:Drivers/CMSIS/Include/cmsis_gcc.h **** #endif
  64:Drivers/CMSIS/Include/cmsis_gcc.h **** #ifndef   __PACKED_STRUCT
  65:Drivers/CMSIS/Include/cmsis_gcc.h ****   #define __PACKED_STRUCT                        struct __attribute__((packed, aligned(1)))
  66:Drivers/CMSIS/Include/cmsis_gcc.h **** #endif
  67:Drivers/CMSIS/Include/cmsis_gcc.h **** #ifndef   __PACKED_UNION
  68:Drivers/CMSIS/Include/cmsis_gcc.h ****   #define __PACKED_UNION                         union __attribute__((packed, aligned(1)))
  69:Drivers/CMSIS/Include/cmsis_gcc.h **** #endif
  70:Drivers/CMSIS/Include/cmsis_gcc.h **** #ifndef   __UNALIGNED_UINT32        /* deprecated */
  71:Drivers/CMSIS/Include/cmsis_gcc.h ****   #pragma GCC diagnostic push
  72:Drivers/CMSIS/Include/cmsis_gcc.h ****   #pragma GCC diagnostic ignored "-Wpacked"
  73:Drivers/CMSIS/Include/cmsis_gcc.h ****   #pragma GCC diagnostic ignored "-Wattributes"
  74:Drivers/CMSIS/Include/cmsis_gcc.h ****   struct __attribute__((packed)) T_UINT32 { uint32_t v; };
  75:Drivers/CMSIS/Include/cmsis_gcc.h ****   #pragma GCC diagnostic pop
  76:Drivers/CMSIS/Include/cmsis_gcc.h ****   #define __UNALIGNED_UINT32(x)                  (((struct T_UINT32 *)(x))->v)
  77:Drivers/CMSIS/Include/cmsis_gcc.h **** #endif
  78:Drivers/CMSIS/Include/cmsis_gcc.h **** #ifndef   __UNALIGNED_UINT16_WRITE
  79:Drivers/CMSIS/Include/cmsis_gcc.h ****   #pragma GCC diagnostic push
  80:Drivers/CMSIS/Include/cmsis_gcc.h ****   #pragma GCC diagnostic ignored "-Wpacked"
  81:Drivers/CMSIS/Include/cmsis_gcc.h ****   #pragma GCC diagnostic ignored "-Wattributes"
  82:Drivers/CMSIS/Include/cmsis_gcc.h ****   __PACKED_STRUCT T_UINT16_WRITE { uint16_t v; };
  83:Drivers/CMSIS/Include/cmsis_gcc.h ****   #pragma GCC diagnostic pop
  84:Drivers/CMSIS/Include/cmsis_gcc.h ****   #define __UNALIGNED_UINT16_WRITE(addr, val)    (void)((((struct T_UINT16_WRITE *)(void *)(addr))-
  85:Drivers/CMSIS/Include/cmsis_gcc.h **** #endif
  86:Drivers/CMSIS/Include/cmsis_gcc.h **** #ifndef   __UNALIGNED_UINT16_READ
  87:Drivers/CMSIS/Include/cmsis_gcc.h ****   #pragma GCC diagnostic push
  88:Drivers/CMSIS/Include/cmsis_gcc.h ****   #pragma GCC diagnostic ignored "-Wpacked"
  89:Drivers/CMSIS/Include/cmsis_gcc.h ****   #pragma GCC diagnostic ignored "-Wattributes"
  90:Drivers/CMSIS/Include/cmsis_gcc.h ****   __PACKED_STRUCT T_UINT16_READ { uint16_t v; };
  91:Drivers/CMSIS/Include/cmsis_gcc.h ****   #pragma GCC diagnostic pop
  92:Drivers/CMSIS/Include/cmsis_gcc.h ****   #define __UNALIGNED_UINT16_READ(addr)          (((const struct T_UINT16_READ *)(const void *)(add
  93:Drivers/CMSIS/Include/cmsis_gcc.h **** #endif
  94:Drivers/CMSIS/Include/cmsis_gcc.h **** #ifndef   __UNALIGNED_UINT32_WRITE
  95:Drivers/CMSIS/Include/cmsis_gcc.h ****   #pragma GCC diagnostic push
  96:Drivers/CMSIS/Include/cmsis_gcc.h ****   #pragma GCC diagnostic ignored "-Wpacked"
  97:Drivers/CMSIS/Include/cmsis_gcc.h ****   #pragma GCC diagnostic ignored "-Wattributes"
  98:Drivers/CMSIS/Include/cmsis_gcc.h ****   __PACKED_STRUCT T_UINT32_WRITE { uint32_t v; };
  99:Drivers/CMSIS/Include/cmsis_gcc.h ****   #pragma GCC diagnostic pop
 100:Drivers/CMSIS/Include/cmsis_gcc.h ****   #define __UNALIGNED_UINT32_WRITE(addr, val)    (void)((((struct T_UINT32_WRITE *)(void *)(addr))-
 101:Drivers/CMSIS/Include/cmsis_gcc.h **** #endif
 102:Drivers/CMSIS/Include/cmsis_gcc.h **** #ifndef   __UNALIGNED_UINT32_READ
 103:Drivers/CMSIS/Include/cmsis_gcc.h ****   #pragma GCC diagnostic push
 104:Drivers/CMSIS/Include/cmsis_gcc.h ****   #pragma GCC diagnostic ignored "-Wpacked"
 105:Drivers/CMSIS/Include/cmsis_gcc.h ****   #pragma GCC diagnostic ignored "-Wattributes"
ARM GAS  C:\Users\32306\AppData\Local\Temp\ccu23i1i.s 			page 7


 106:Drivers/CMSIS/Include/cmsis_gcc.h ****   __PACKED_STRUCT T_UINT32_READ { uint32_t v; };
 107:Drivers/CMSIS/Include/cmsis_gcc.h ****   #pragma GCC diagnostic pop
 108:Drivers/CMSIS/Include/cmsis_gcc.h ****   #define __UNALIGNED_UINT32_READ(addr)          (((const struct T_UINT32_READ *)(const void *)(add
 109:Drivers/CMSIS/Include/cmsis_gcc.h **** #endif
 110:Drivers/CMSIS/Include/cmsis_gcc.h **** #ifndef   __ALIGNED
 111:Drivers/CMSIS/Include/cmsis_gcc.h ****   #define __ALIGNED(x)                           __attribute__((aligned(x)))
 112:Drivers/CMSIS/Include/cmsis_gcc.h **** #endif
 113:Drivers/CMSIS/Include/cmsis_gcc.h **** #ifndef   __RESTRICT
 114:Drivers/CMSIS/Include/cmsis_gcc.h ****   #define __RESTRICT                             __restrict
 115:Drivers/CMSIS/Include/cmsis_gcc.h **** #endif
 116:Drivers/CMSIS/Include/cmsis_gcc.h **** 
 117:Drivers/CMSIS/Include/cmsis_gcc.h **** 
 118:Drivers/CMSIS/Include/cmsis_gcc.h **** /* ###########################  Core Function Access  ########################### */
 119:Drivers/CMSIS/Include/cmsis_gcc.h **** /** \ingroup  CMSIS_Core_FunctionInterface
 120:Drivers/CMSIS/Include/cmsis_gcc.h ****     \defgroup CMSIS_Core_RegAccFunctions CMSIS Core Register Access Functions
 121:Drivers/CMSIS/Include/cmsis_gcc.h ****   @{
 122:Drivers/CMSIS/Include/cmsis_gcc.h ****  */
 123:Drivers/CMSIS/Include/cmsis_gcc.h **** 
 124:Drivers/CMSIS/Include/cmsis_gcc.h **** /**
 125:Drivers/CMSIS/Include/cmsis_gcc.h ****   \brief   Enable IRQ Interrupts
 126:Drivers/CMSIS/Include/cmsis_gcc.h ****   \details Enables IRQ interrupts by clearing the I-bit in the CPSR.
 127:Drivers/CMSIS/Include/cmsis_gcc.h ****            Can only be executed in Privileged modes.
 128:Drivers/CMSIS/Include/cmsis_gcc.h ****  */
 129:Drivers/CMSIS/Include/cmsis_gcc.h **** __STATIC_FORCEINLINE void __enable_irq(void)
 130:Drivers/CMSIS/Include/cmsis_gcc.h **** {
 131:Drivers/CMSIS/Include/cmsis_gcc.h ****   __ASM volatile ("cpsie i" : : : "memory");
 132:Drivers/CMSIS/Include/cmsis_gcc.h **** }
 133:Drivers/CMSIS/Include/cmsis_gcc.h **** 
 134:Drivers/CMSIS/Include/cmsis_gcc.h **** 
 135:Drivers/CMSIS/Include/cmsis_gcc.h **** /**
 136:Drivers/CMSIS/Include/cmsis_gcc.h ****   \brief   Disable IRQ Interrupts
 137:Drivers/CMSIS/Include/cmsis_gcc.h ****   \details Disables IRQ interrupts by setting the I-bit in the CPSR.
 138:Drivers/CMSIS/Include/cmsis_gcc.h ****            Can only be executed in Privileged modes.
 139:Drivers/CMSIS/Include/cmsis_gcc.h ****  */
 140:Drivers/CMSIS/Include/cmsis_gcc.h **** __STATIC_FORCEINLINE void __disable_irq(void)
  73              		.loc 2 140 27 view .LVU5
  74              	.LBB5:
 141:Drivers/CMSIS/Include/cmsis_gcc.h **** {
 142:Drivers/CMSIS/Include/cmsis_gcc.h ****   __ASM volatile ("cpsid i" : : : "memory");
  75              		.loc 2 142 3 view .LVU6
  76              		.syntax unified
  77              	@ 142 "Drivers/CMSIS/Include/cmsis_gcc.h" 1
  78 0000 72B6     		cpsid i
  79              	@ 0 "" 2
  80              		.thumb
  81              		.syntax unified
  82              	.L6:
  83              	.LBE5:
  84              	.LBE4:
 169:Core/Src/main.c ****   while (1)
  85              		.loc 1 169 3 discriminator 1 view .LVU7
 170:Core/Src/main.c ****   {
 171:Core/Src/main.c ****   }
  86              		.loc 1 171 3 discriminator 1 view .LVU8
 169:Core/Src/main.c ****   while (1)
  87              		.loc 1 169 9 discriminator 1 view .LVU9
  88 0002 FEE7     		b	.L6
ARM GAS  C:\Users\32306\AppData\Local\Temp\ccu23i1i.s 			page 8


  89              		.cfi_endproc
  90              	.LFE133:
  92              		.section	.text.SystemClock_Config,"ax",%progbits
  93              		.align	1
  94              		.global	SystemClock_Config
  95              		.syntax unified
  96              		.thumb
  97              		.thumb_func
  98              		.fpu fpv4-sp-d16
 100              	SystemClock_Config:
 101              	.LFB132:
 115:Core/Src/main.c ****   RCC_OscInitTypeDef RCC_OscInitStruct = {0};
 102              		.loc 1 115 1 view -0
 103              		.cfi_startproc
 104              		@ args = 0, pretend = 0, frame = 80
 105              		@ frame_needed = 0, uses_anonymous_args = 0
 106 0000 00B5     		push	{lr}
 107              	.LCFI1:
 108              		.cfi_def_cfa_offset 4
 109              		.cfi_offset 14, -4
 110 0002 95B0     		sub	sp, sp, #84
 111              	.LCFI2:
 112              		.cfi_def_cfa_offset 88
 116:Core/Src/main.c ****   RCC_ClkInitTypeDef RCC_ClkInitStruct = {0};
 113              		.loc 1 116 3 view .LVU11
 116:Core/Src/main.c ****   RCC_ClkInitTypeDef RCC_ClkInitStruct = {0};
 114              		.loc 1 116 22 is_stmt 0 view .LVU12
 115 0004 3022     		movs	r2, #48
 116 0006 0021     		movs	r1, #0
 117 0008 08A8     		add	r0, sp, #32
 118 000a FFF7FEFF 		bl	memset
 119              	.LVL1:
 117:Core/Src/main.c **** 
 120              		.loc 1 117 3 is_stmt 1 view .LVU13
 117:Core/Src/main.c **** 
 121              		.loc 1 117 22 is_stmt 0 view .LVU14
 122 000e 0023     		movs	r3, #0
 123 0010 0393     		str	r3, [sp, #12]
 124 0012 0493     		str	r3, [sp, #16]
 125 0014 0593     		str	r3, [sp, #20]
 126 0016 0693     		str	r3, [sp, #24]
 127 0018 0793     		str	r3, [sp, #28]
 121:Core/Src/main.c ****   __HAL_PWR_VOLTAGESCALING_CONFIG(PWR_REGULATOR_VOLTAGE_SCALE1);
 128              		.loc 1 121 3 is_stmt 1 view .LVU15
 129              	.LBB6:
 121:Core/Src/main.c ****   __HAL_PWR_VOLTAGESCALING_CONFIG(PWR_REGULATOR_VOLTAGE_SCALE1);
 130              		.loc 1 121 3 view .LVU16
 131 001a 0193     		str	r3, [sp, #4]
 121:Core/Src/main.c ****   __HAL_PWR_VOLTAGESCALING_CONFIG(PWR_REGULATOR_VOLTAGE_SCALE1);
 132              		.loc 1 121 3 view .LVU17
 133 001c 1E4A     		ldr	r2, .L13
 134 001e 116C     		ldr	r1, [r2, #64]
 135 0020 41F08051 		orr	r1, r1, #268435456
 136 0024 1164     		str	r1, [r2, #64]
 121:Core/Src/main.c ****   __HAL_PWR_VOLTAGESCALING_CONFIG(PWR_REGULATOR_VOLTAGE_SCALE1);
 137              		.loc 1 121 3 view .LVU18
 138 0026 126C     		ldr	r2, [r2, #64]
ARM GAS  C:\Users\32306\AppData\Local\Temp\ccu23i1i.s 			page 9


 139 0028 02F08052 		and	r2, r2, #268435456
 140 002c 0192     		str	r2, [sp, #4]
 121:Core/Src/main.c ****   __HAL_PWR_VOLTAGESCALING_CONFIG(PWR_REGULATOR_VOLTAGE_SCALE1);
 141              		.loc 1 121 3 view .LVU19
 142 002e 019A     		ldr	r2, [sp, #4]
 143              	.LBE6:
 121:Core/Src/main.c ****   __HAL_PWR_VOLTAGESCALING_CONFIG(PWR_REGULATOR_VOLTAGE_SCALE1);
 144              		.loc 1 121 3 view .LVU20
 122:Core/Src/main.c **** 
 145              		.loc 1 122 3 view .LVU21
 146              	.LBB7:
 122:Core/Src/main.c **** 
 147              		.loc 1 122 3 view .LVU22
 148 0030 0293     		str	r3, [sp, #8]
 122:Core/Src/main.c **** 
 149              		.loc 1 122 3 view .LVU23
 150 0032 1A4A     		ldr	r2, .L13+4
 151 0034 1168     		ldr	r1, [r2]
 152 0036 41F44041 		orr	r1, r1, #49152
 153 003a 1160     		str	r1, [r2]
 122:Core/Src/main.c **** 
 154              		.loc 1 122 3 view .LVU24
 155 003c 1268     		ldr	r2, [r2]
 156 003e 02F44042 		and	r2, r2, #49152
 157 0042 0292     		str	r2, [sp, #8]
 122:Core/Src/main.c **** 
 158              		.loc 1 122 3 view .LVU25
 159 0044 029A     		ldr	r2, [sp, #8]
 160              	.LBE7:
 122:Core/Src/main.c **** 
 161              		.loc 1 122 3 view .LVU26
 127:Core/Src/main.c ****   RCC_OscInitStruct.HSIState = RCC_HSI_ON;
 162              		.loc 1 127 3 view .LVU27
 127:Core/Src/main.c ****   RCC_OscInitStruct.HSIState = RCC_HSI_ON;
 163              		.loc 1 127 36 is_stmt 0 view .LVU28
 164 0046 0222     		movs	r2, #2
 165 0048 0892     		str	r2, [sp, #32]
 128:Core/Src/main.c ****   RCC_OscInitStruct.HSICalibrationValue = RCC_HSICALIBRATION_DEFAULT;
 166              		.loc 1 128 3 is_stmt 1 view .LVU29
 128:Core/Src/main.c ****   RCC_OscInitStruct.HSICalibrationValue = RCC_HSICALIBRATION_DEFAULT;
 167              		.loc 1 128 30 is_stmt 0 view .LVU30
 168 004a 0121     		movs	r1, #1
 169 004c 0B91     		str	r1, [sp, #44]
 129:Core/Src/main.c ****   RCC_OscInitStruct.PLL.PLLState = RCC_PLL_ON;
 170              		.loc 1 129 3 is_stmt 1 view .LVU31
 129:Core/Src/main.c ****   RCC_OscInitStruct.PLL.PLLState = RCC_PLL_ON;
 171              		.loc 1 129 41 is_stmt 0 view .LVU32
 172 004e 1021     		movs	r1, #16
 173 0050 0C91     		str	r1, [sp, #48]
 130:Core/Src/main.c ****   RCC_OscInitStruct.PLL.PLLSource = RCC_PLLSOURCE_HSI;
 174              		.loc 1 130 3 is_stmt 1 view .LVU33
 130:Core/Src/main.c ****   RCC_OscInitStruct.PLL.PLLSource = RCC_PLLSOURCE_HSI;
 175              		.loc 1 130 34 is_stmt 0 view .LVU34
 176 0052 0E92     		str	r2, [sp, #56]
 131:Core/Src/main.c ****   RCC_OscInitStruct.PLL.PLLM = 8;
 177              		.loc 1 131 3 is_stmt 1 view .LVU35
 131:Core/Src/main.c ****   RCC_OscInitStruct.PLL.PLLM = 8;
ARM GAS  C:\Users\32306\AppData\Local\Temp\ccu23i1i.s 			page 10


 178              		.loc 1 131 35 is_stmt 0 view .LVU36
 179 0054 0F93     		str	r3, [sp, #60]
 132:Core/Src/main.c ****   RCC_OscInitStruct.PLL.PLLN = 72;
 180              		.loc 1 132 3 is_stmt 1 view .LVU37
 132:Core/Src/main.c ****   RCC_OscInitStruct.PLL.PLLN = 72;
 181              		.loc 1 132 30 is_stmt 0 view .LVU38
 182 0056 0823     		movs	r3, #8
 183 0058 1093     		str	r3, [sp, #64]
 133:Core/Src/main.c ****   RCC_OscInitStruct.PLL.PLLP = RCC_PLLP_DIV2;
 184              		.loc 1 133 3 is_stmt 1 view .LVU39
 133:Core/Src/main.c ****   RCC_OscInitStruct.PLL.PLLP = RCC_PLLP_DIV2;
 185              		.loc 1 133 30 is_stmt 0 view .LVU40
 186 005a 4823     		movs	r3, #72
 187 005c 1193     		str	r3, [sp, #68]
 134:Core/Src/main.c ****   RCC_OscInitStruct.PLL.PLLQ = 4;
 188              		.loc 1 134 3 is_stmt 1 view .LVU41
 134:Core/Src/main.c ****   RCC_OscInitStruct.PLL.PLLQ = 4;
 189              		.loc 1 134 30 is_stmt 0 view .LVU42
 190 005e 1292     		str	r2, [sp, #72]
 135:Core/Src/main.c ****   if (HAL_RCC_OscConfig(&RCC_OscInitStruct) != HAL_OK)
 191              		.loc 1 135 3 is_stmt 1 view .LVU43
 135:Core/Src/main.c ****   if (HAL_RCC_OscConfig(&RCC_OscInitStruct) != HAL_OK)
 192              		.loc 1 135 30 is_stmt 0 view .LVU44
 193 0060 0423     		movs	r3, #4
 194 0062 1393     		str	r3, [sp, #76]
 136:Core/Src/main.c ****   {
 195              		.loc 1 136 3 is_stmt 1 view .LVU45
 136:Core/Src/main.c ****   {
 196              		.loc 1 136 7 is_stmt 0 view .LVU46
 197 0064 08A8     		add	r0, sp, #32
 198 0066 FFF7FEFF 		bl	HAL_RCC_OscConfig
 199              	.LVL2:
 136:Core/Src/main.c ****   {
 200              		.loc 1 136 6 view .LVU47
 201 006a 80B9     		cbnz	r0, .L11
 143:Core/Src/main.c ****                               |RCC_CLOCKTYPE_PCLK1|RCC_CLOCKTYPE_PCLK2;
 202              		.loc 1 143 3 is_stmt 1 view .LVU48
 143:Core/Src/main.c ****                               |RCC_CLOCKTYPE_PCLK1|RCC_CLOCKTYPE_PCLK2;
 203              		.loc 1 143 31 is_stmt 0 view .LVU49
 204 006c 0F23     		movs	r3, #15
 205 006e 0393     		str	r3, [sp, #12]
 145:Core/Src/main.c ****   RCC_ClkInitStruct.AHBCLKDivider = RCC_SYSCLK_DIV1;
 206              		.loc 1 145 3 is_stmt 1 view .LVU50
 145:Core/Src/main.c ****   RCC_ClkInitStruct.AHBCLKDivider = RCC_SYSCLK_DIV1;
 207              		.loc 1 145 34 is_stmt 0 view .LVU51
 208 0070 0221     		movs	r1, #2
 209 0072 0491     		str	r1, [sp, #16]
 146:Core/Src/main.c ****   RCC_ClkInitStruct.APB1CLKDivider = RCC_HCLK_DIV2;
 210              		.loc 1 146 3 is_stmt 1 view .LVU52
 146:Core/Src/main.c ****   RCC_ClkInitStruct.APB1CLKDivider = RCC_HCLK_DIV2;
 211              		.loc 1 146 35 is_stmt 0 view .LVU53
 212 0074 0023     		movs	r3, #0
 213 0076 0593     		str	r3, [sp, #20]
 147:Core/Src/main.c ****   RCC_ClkInitStruct.APB2CLKDivider = RCC_HCLK_DIV1;
 214              		.loc 1 147 3 is_stmt 1 view .LVU54
 147:Core/Src/main.c ****   RCC_ClkInitStruct.APB2CLKDivider = RCC_HCLK_DIV1;
 215              		.loc 1 147 36 is_stmt 0 view .LVU55
ARM GAS  C:\Users\32306\AppData\Local\Temp\ccu23i1i.s 			page 11


 216 0078 4FF48052 		mov	r2, #4096
 217 007c 0692     		str	r2, [sp, #24]
 148:Core/Src/main.c **** 
 218              		.loc 1 148 3 is_stmt 1 view .LVU56
 148:Core/Src/main.c **** 
 219              		.loc 1 148 36 is_stmt 0 view .LVU57
 220 007e 0793     		str	r3, [sp, #28]
 150:Core/Src/main.c ****   {
 221              		.loc 1 150 3 is_stmt 1 view .LVU58
 150:Core/Src/main.c ****   {
 222              		.loc 1 150 7 is_stmt 0 view .LVU59
 223 0080 03A8     		add	r0, sp, #12
 224 0082 FFF7FEFF 		bl	HAL_RCC_ClockConfig
 225              	.LVL3:
 150:Core/Src/main.c ****   {
 226              		.loc 1 150 6 view .LVU60
 227 0086 20B9     		cbnz	r0, .L12
 154:Core/Src/main.c **** 
 228              		.loc 1 154 1 view .LVU61
 229 0088 15B0     		add	sp, sp, #84
 230              	.LCFI3:
 231              		.cfi_remember_state
 232              		.cfi_def_cfa_offset 4
 233              		@ sp needed
 234 008a 5DF804FB 		ldr	pc, [sp], #4
 235              	.L11:
 236              	.LCFI4:
 237              		.cfi_restore_state
 138:Core/Src/main.c ****   }
 238              		.loc 1 138 5 is_stmt 1 view .LVU62
 239 008e FFF7FEFF 		bl	Error_Handler
 240              	.LVL4:
 241              	.L12:
 152:Core/Src/main.c ****   }
 242              		.loc 1 152 5 view .LVU63
 243 0092 FFF7FEFF 		bl	Error_Handler
 244              	.LVL5:
 245              	.L14:
 246 0096 00BF     		.align	2
 247              	.L13:
 248 0098 00380240 		.word	1073887232
 249 009c 00700040 		.word	1073770496
 250              		.cfi_endproc
 251              	.LFE132:
 253              		.section	.text.main,"ax",%progbits
 254              		.align	1
 255              		.global	main
 256              		.syntax unified
 257              		.thumb
 258              		.thumb_func
 259              		.fpu fpv4-sp-d16
 261              	main:
 262              	.LFB131:
  70:Core/Src/main.c ****   /* USER CODE BEGIN 1 */
 263              		.loc 1 70 1 view -0
 264              		.cfi_startproc
 265              		@ Volatile: function does not return.
ARM GAS  C:\Users\32306\AppData\Local\Temp\ccu23i1i.s 			page 12


 266              		@ args = 0, pretend = 0, frame = 0
 267              		@ frame_needed = 0, uses_anonymous_args = 0
 268 0000 08B5     		push	{r3, lr}
 269              	.LCFI5:
 270              		.cfi_def_cfa_offset 8
 271              		.cfi_offset 3, -8
 272              		.cfi_offset 14, -4
  78:Core/Src/main.c **** 
 273              		.loc 1 78 3 view .LVU65
 274 0002 FFF7FEFF 		bl	HAL_Init
 275              	.LVL6:
  85:Core/Src/main.c **** 
 276              		.loc 1 85 3 view .LVU66
 277 0006 FFF7FEFF 		bl	SystemClock_Config
 278              	.LVL7:
  92:Core/Src/main.c ****   MX_TIM2_Init();
 279              		.loc 1 92 3 view .LVU67
 280 000a FFF7FEFF 		bl	MX_GPIO_Init
 281              	.LVL8:
  93:Core/Src/main.c ****   MX_USART1_UART_Init();
 282              		.loc 1 93 3 view .LVU68
 283 000e FFF7FEFF 		bl	MX_TIM2_Init
 284              	.LVL9:
  94:Core/Src/main.c ****   /* USER CODE BEGIN 2 */
 285              		.loc 1 94 3 view .LVU69
 286 0012 FFF7FEFF 		bl	MX_USART1_UART_Init
 287              	.LVL10:
  96:Core/Src/main.c ****   /* USER CODE END 2 */
 288              		.loc 1 96 3 view .LVU70
 289 0016 FFF7FEFF 		bl	LED
 290              	.LVL11:
 291              	.L16:
 101:Core/Src/main.c ****   {
 292              		.loc 1 101 3 discriminator 1 view .LVU71
 106:Core/Src/main.c ****   /* USER CODE END 3 */
 293              		.loc 1 106 3 discriminator 1 view .LVU72
 101:Core/Src/main.c ****   {
 294              		.loc 1 101 9 discriminator 1 view .LVU73
 295 001a FEE7     		b	.L16
 296              		.cfi_endproc
 297              	.LFE131:
 299              		.text
 300              	.Letext0:
 301              		.file 3 "e:\\vs code\\9 2019-q4-major\\arm-none-eabi\\include\\machine\\_default_types.h"
 302              		.file 4 "e:\\vs code\\9 2019-q4-major\\arm-none-eabi\\include\\sys\\_stdint.h"
 303              		.file 5 "Drivers/CMSIS/Include/core_cm4.h"
 304              		.file 6 "Drivers/CMSIS/Device/ST/STM32F4xx/Include/system_stm32f4xx.h"
 305              		.file 7 "Drivers/CMSIS/Device/ST/STM32F4xx/Include/stm32f411xe.h"
 306              		.file 8 "Drivers/STM32F4xx_HAL_Driver/Inc/stm32f4xx_hal_def.h"
 307              		.file 9 "Drivers/STM32F4xx_HAL_Driver/Inc/stm32f4xx_hal_rcc_ex.h"
 308              		.file 10 "Drivers/STM32F4xx_HAL_Driver/Inc/stm32f4xx_hal_rcc.h"
 309              		.file 11 "Drivers/STM32F4xx_HAL_Driver/Inc/stm32f4xx_hal_gpio.h"
 310              		.file 12 "Drivers/STM32F4xx_HAL_Driver/Inc/stm32f4xx_hal_dma.h"
 311              		.file 13 "Drivers/STM32F4xx_HAL_Driver/Inc/stm32f4xx_hal_tim.h"
 312              		.file 14 "Drivers/STM32F4xx_HAL_Driver/Inc/stm32f4xx_hal_uart.h"
 313              		.file 15 "Drivers/STM32F4xx_HAL_Driver/Inc/stm32f4xx_hal.h"
 314              		.file 16 "Core/Inc/tim.h"
ARM GAS  C:\Users\32306\AppData\Local\Temp\ccu23i1i.s 			page 13


 315              		.file 17 "Core/Inc/usart.h"
 316              		.file 18 "Core/Inc/gpio.h"
 317              		.file 19 "<built-in>"
ARM GAS  C:\Users\32306\AppData\Local\Temp\ccu23i1i.s 			page 14


DEFINED SYMBOLS
                            *ABS*:00000000 main.c
C:\Users\32306\AppData\Local\Temp\ccu23i1i.s:18     .text.LED:00000000 $t
C:\Users\32306\AppData\Local\Temp\ccu23i1i.s:26     .text.LED:00000000 LED
C:\Users\32306\AppData\Local\Temp\ccu23i1i.s:49     .text.LED:00000010 $d
C:\Users\32306\AppData\Local\Temp\ccu23i1i.s:54     .text.Error_Handler:00000000 $t
C:\Users\32306\AppData\Local\Temp\ccu23i1i.s:61     .text.Error_Handler:00000000 Error_Handler
C:\Users\32306\AppData\Local\Temp\ccu23i1i.s:93     .text.SystemClock_Config:00000000 $t
C:\Users\32306\AppData\Local\Temp\ccu23i1i.s:100    .text.SystemClock_Config:00000000 SystemClock_Config
C:\Users\32306\AppData\Local\Temp\ccu23i1i.s:248    .text.SystemClock_Config:00000098 $d
C:\Users\32306\AppData\Local\Temp\ccu23i1i.s:254    .text.main:00000000 $t
C:\Users\32306\AppData\Local\Temp\ccu23i1i.s:261    .text.main:00000000 main

UNDEFINED SYMBOLS
HAL_GPIO_WritePin
memset
HAL_RCC_OscConfig
HAL_RCC_ClockConfig
HAL_Init
MX_GPIO_Init
MX_TIM2_Init
MX_USART1_UART_Init
